{"/Users/takasagoyuuya/Documents/React/study-log--app/react-supabase-demo/src/App.jsx": {"path":"/Users/takasagoyuuya/Documents/React/study-log--app/react-supabase-demo/src/App.jsx","all":false,"statementMap":{"0":{"start":{"line":1,"column":0},"end":{"line":1,"column":44}},"1":{"start":{"line":2,"column":0},"end":{"line":2,"column":53}},"4":{"start":{"line":5,"column":0},"end":{"line":5,"column":63}},"5":{"start":{"line":6,"column":0},"end":{"line":6,"column":231}},"7":{"start":{"line":8,"column":0},"end":{"line":8,"column":56}},"9":{"start":{"line":10,"column":0},"end":{"line":10,"column":16}},"11":{"start":{"line":12,"column":0},"end":{"line":12,"column":51}},"12":{"start":{"line":13,"column":0},"end":{"line":13,"column":49}},"15":{"start":{"line":16,"column":0},"end":{"line":16,"column":45}},"18":{"start":{"line":19,"column":0},"end":{"line":19,"column":47}},"19":{"start":{"line":20,"column":0},"end":{"line":20,"column":43}},"21":{"start":{"line":22,"column":0},"end":{"line":22,"column":40}},"22":{"start":{"line":23,"column":0},"end":{"line":23,"column":38}},"23":{"start":{"line":24,"column":0},"end":{"line":24,"column":4}},"24":{"start":{"line":25,"column":0},"end":{"line":25,"column":40}},"25":{"start":{"line":26,"column":0},"end":{"line":26,"column":37}},"26":{"start":{"line":27,"column":0},"end":{"line":27,"column":4}},"28":{"start":{"line":29,"column":0},"end":{"line":29,"column":39}},"29":{"start":{"line":30,"column":0},"end":{"line":30,"column":9}},"30":{"start":{"line":31,"column":0},"end":{"line":31,"column":34}},"31":{"start":{"line":32,"column":0},"end":{"line":32,"column":27}},"32":{"start":{"line":33,"column":0},"end":{"line":33,"column":15}},"33":{"start":{"line":34,"column":0},"end":{"line":34,"column":19}},"35":{"start":{"line":36,"column":0},"end":{"line":36,"column":21}},"36":{"start":{"line":37,"column":0},"end":{"line":37,"column":29}},"37":{"start":{"line":38,"column":0},"end":{"line":38,"column":19}},"38":{"start":{"line":39,"column":0},"end":{"line":39,"column":28}},"39":{"start":{"line":40,"column":0},"end":{"line":40,"column":5}},"40":{"start":{"line":41,"column":0},"end":{"line":41,"column":3}},"42":{"start":{"line":43,"column":0},"end":{"line":43,"column":35}},"43":{"start":{"line":44,"column":0},"end":{"line":44,"column":9}},"44":{"start":{"line":45,"column":0},"end":{"line":45,"column":38}},"45":{"start":{"line":46,"column":0},"end":{"line":46,"column":29}},"46":{"start":{"line":47,"column":0},"end":{"line":47,"column":55}},"48":{"start":{"line":49,"column":0},"end":{"line":49,"column":25}},"49":{"start":{"line":50,"column":0},"end":{"line":50,"column":26}},"50":{"start":{"line":51,"column":0},"end":{"line":51,"column":23}},"52":{"start":{"line":53,"column":0},"end":{"line":53,"column":31}},"53":{"start":{"line":54,"column":0},"end":{"line":54,"column":19}},"54":{"start":{"line":55,"column":0},"end":{"line":55,"column":28}},"55":{"start":{"line":56,"column":0},"end":{"line":56,"column":5}},"56":{"start":{"line":57,"column":0},"end":{"line":57,"column":4}},"59":{"start":{"line":60,"column":0},"end":{"line":60,"column":36}},"60":{"start":{"line":61,"column":0},"end":{"line":61,"column":9}},"61":{"start":{"line":62,"column":0},"end":{"line":62,"column":23}},"62":{"start":{"line":63,"column":0},"end":{"line":63,"column":44}},"63":{"start":{"line":64,"column":0},"end":{"line":64,"column":29}},"64":{"start":{"line":65,"column":0},"end":{"line":65,"column":18}},"66":{"start":{"line":67,"column":0},"end":{"line":67,"column":29}},"68":{"start":{"line":69,"column":0},"end":{"line":69,"column":23}},"69":{"start":{"line":70,"column":0},"end":{"line":70,"column":19}},"70":{"start":{"line":71,"column":0},"end":{"line":71,"column":28}},"71":{"start":{"line":72,"column":0},"end":{"line":72,"column":15}},"72":{"start":{"line":73,"column":0},"end":{"line":73,"column":39}},"73":{"start":{"line":74,"column":0},"end":{"line":74,"column":5}},"74":{"start":{"line":75,"column":0},"end":{"line":75,"column":4}},"77":{"start":{"line":78,"column":0},"end":{"line":78,"column":19}},"78":{"start":{"line":79,"column":0},"end":{"line":79,"column":19}},"79":{"start":{"line":80,"column":0},"end":{"line":80,"column":9}},"81":{"start":{"line":82,"column":0},"end":{"line":82,"column":10}},"82":{"start":{"line":83,"column":0},"end":{"line":83,"column":9}},"83":{"start":{"line":84,"column":0},"end":{"line":84,"column":19}},"84":{"start":{"line":85,"column":0},"end":{"line":85,"column":17}},"85":{"start":{"line":86,"column":0},"end":{"line":86,"column":99}},"86":{"start":{"line":87,"column":0},"end":{"line":87,"column":17}},"87":{"start":{"line":88,"column":0},"end":{"line":88,"column":97}},"88":{"start":{"line":89,"column":0},"end":{"line":89,"column":47}},"90":{"start":{"line":91,"column":0},"end":{"line":91,"column":21}},"91":{"start":{"line":92,"column":0},"end":{"line":92,"column":34}},"92":{"start":{"line":93,"column":0},"end":{"line":93,"column":61}},"93":{"start":{"line":94,"column":0},"end":{"line":94,"column":30}},"94":{"start":{"line":95,"column":0},"end":{"line":95,"column":12}},"95":{"start":{"line":96,"column":0},"end":{"line":96,"column":36}},"96":{"start":{"line":97,"column":0},"end":{"line":97,"column":32}},"97":{"start":{"line":98,"column":0},"end":{"line":98,"column":109}},"98":{"start":{"line":99,"column":0},"end":{"line":99,"column":17}},"99":{"start":{"line":100,"column":0},"end":{"line":100,"column":13}},"100":{"start":{"line":101,"column":0},"end":{"line":101,"column":13}},"102":{"start":{"line":103,"column":0},"end":{"line":103,"column":10}},"104":{"start":{"line":105,"column":0},"end":{"line":105,"column":1}},"106":{"start":{"line":107,"column":0},"end":{"line":107,"column":19}}},"s":{"0":1,"1":1,"4":1,"5":1,"7":1,"9":13,"11":13,"12":13,"15":13,"18":13,"19":13,"21":13,"22":1,"23":1,"24":13,"25":1,"26":1,"28":13,"29":1,"30":1,"31":1,"32":1,"33":1,"35":1,"36":1,"37":1,"38":1,"39":1,"40":1,"42":13,"43":2,"44":2,"45":2,"46":2,"48":2,"49":2,"50":2,"52":2,"53":2,"54":1,"55":1,"56":2,"59":13,"60":7,"61":7,"62":7,"63":7,"64":7,"66":7,"68":6,"69":7,"70":0,"71":7,"72":6,"73":6,"74":7,"77":13,"78":4,"79":13,"81":13,"82":13,"83":13,"84":13,"85":13,"86":13,"87":13,"88":13,"90":13,"91":13,"92":13,"93":13,"94":6,"95":6,"96":32,"97":32,"98":32,"99":6,"100":6,"102":13,"104":13,"106":1},"branchMap":{"0":{"type":"branch","line":10,"loc":{"start":{"line":10,"column":0},"end":{"line":105,"column":1}},"locations":[{"start":{"line":10,"column":0},"end":{"line":105,"column":1}}]},"1":{"type":"branch","line":92,"loc":{"start":{"line":92,"column":7},"end":{"line":92,"column":34}},"locations":[{"start":{"line":92,"column":7},"end":{"line":92,"column":34}}]},"2":{"type":"branch","line":93,"loc":{"start":{"line":93,"column":7},"end":{"line":93,"column":61}},"locations":[{"start":{"line":93,"column":7},"end":{"line":93,"column":61}}]},"3":{"type":"branch","line":94,"loc":{"start":{"line":94,"column":8},"end":{"line":94,"column":30}},"locations":[{"start":{"line":94,"column":8},"end":{"line":94,"column":30}}]},"4":{"type":"branch","line":94,"loc":{"start":{"line":94,"column":20},"end":{"line":101,"column":13}},"locations":[{"start":{"line":94,"column":20},"end":{"line":101,"column":13}}]},"5":{"type":"branch","line":22,"loc":{"start":{"line":22,"column":28},"end":{"line":24,"column":4}},"locations":[{"start":{"line":22,"column":28},"end":{"line":24,"column":4}}]},"6":{"type":"branch","line":25,"loc":{"start":{"line":25,"column":28},"end":{"line":27,"column":4}},"locations":[{"start":{"line":25,"column":28},"end":{"line":27,"column":4}}]},"7":{"type":"branch","line":29,"loc":{"start":{"line":29,"column":24},"end":{"line":41,"column":3}},"locations":[{"start":{"line":29,"column":24},"end":{"line":41,"column":3}}]},"8":{"type":"branch","line":43,"loc":{"start":{"line":43,"column":22},"end":{"line":57,"column":4}},"locations":[{"start":{"line":43,"column":22},"end":{"line":57,"column":4}}]},"9":{"type":"branch","line":53,"loc":{"start":{"line":53,"column":19},"end":{"line":53,"column":31}},"locations":[{"start":{"line":53,"column":19},"end":{"line":53,"column":31}}]},"10":{"type":"branch","line":54,"loc":{"start":{"line":54,"column":4},"end":{"line":56,"column":5}},"locations":[{"start":{"line":54,"column":4},"end":{"line":56,"column":5}}]},"11":{"type":"branch","line":60,"loc":{"start":{"line":60,"column":23},"end":{"line":75,"column":4}},"locations":[{"start":{"line":60,"column":23},"end":{"line":75,"column":4}}]},"12":{"type":"branch","line":65,"loc":{"start":{"line":65,"column":16},"end":{"line":67,"column":23}},"locations":[{"start":{"line":65,"column":16},"end":{"line":67,"column":23}}]},"13":{"type":"branch","line":67,"loc":{"start":{"line":67,"column":17},"end":{"line":67,"column":29}},"locations":[{"start":{"line":67,"column":17},"end":{"line":67,"column":29}}]},"14":{"type":"branch","line":67,"loc":{"start":{"line":67,"column":23},"end":{"line":70,"column":13}},"locations":[{"start":{"line":67,"column":23},"end":{"line":70,"column":13}}]},"15":{"type":"branch","line":70,"loc":{"start":{"line":70,"column":4},"end":{"line":72,"column":6}},"locations":[{"start":{"line":70,"column":4},"end":{"line":72,"column":6}}]},"16":{"type":"branch","line":72,"loc":{"start":{"line":72,"column":4},"end":{"line":74,"column":5}},"locations":[{"start":{"line":72,"column":4},"end":{"line":74,"column":5}}]},"17":{"type":"branch","line":78,"loc":{"start":{"line":78,"column":12},"end":{"line":80,"column":5}},"locations":[{"start":{"line":78,"column":12},"end":{"line":80,"column":5}}]},"18":{"type":"branch","line":96,"loc":{"start":{"line":96,"column":23},"end":{"line":99,"column":17}},"locations":[{"start":{"line":96,"column":23},"end":{"line":99,"column":17}}]},"19":{"type":"branch","line":98,"loc":{"start":{"line":98,"column":66},"end":{"line":98,"column":98}},"locations":[{"start":{"line":98,"column":66},"end":{"line":98,"column":98}}]}},"b":{"0":[13],"1":[7],"2":[1],"3":[6],"4":[6],"5":[1],"6":[1],"7":[1],"8":[2],"9":[1],"10":[1],"11":[7],"12":[6],"13":[0],"14":[6],"15":[0],"16":[6],"17":[4],"18":[32],"19":[1]},"fnMap":{"0":{"name":"App","decl":{"start":{"line":10,"column":0},"end":{"line":105,"column":1}},"loc":{"start":{"line":10,"column":0},"end":{"line":105,"column":1}},"line":10},"1":{"name":"onChangeStudyTitle","decl":{"start":{"line":22,"column":28},"end":{"line":24,"column":4}},"loc":{"start":{"line":22,"column":28},"end":{"line":24,"column":4}},"line":22},"2":{"name":"onChangeStudyTime","decl":{"start":{"line":25,"column":28},"end":{"line":27,"column":4}},"loc":{"start":{"line":25,"column":28},"end":{"line":27,"column":4}},"line":25},"3":{"name":"onDeleteStudy","decl":{"start":{"line":29,"column":24},"end":{"line":41,"column":3}},"loc":{"start":{"line":29,"column":24},"end":{"line":41,"column":3}},"line":29},"4":{"name":"onAddRecord","decl":{"start":{"line":43,"column":22},"end":{"line":57,"column":4}},"loc":{"start":{"line":43,"column":22},"end":{"line":57,"column":4}},"line":43},"5":{"name":"fetchRecords","decl":{"start":{"line":60,"column":23},"end":{"line":75,"column":4}},"loc":{"start":{"line":60,"column":23},"end":{"line":75,"column":4}},"line":60},"6":{"name":"onClick","decl":{"start":{"line":98,"column":66},"end":{"line":98,"column":98}},"loc":{"start":{"line":98,"column":66},"end":{"line":98,"column":98}},"line":98}},"f":{"0":13,"1":1,"2":1,"3":1,"4":2,"5":7,"6":1}}
,"/Users/takasagoyuuya/Documents/React/study-log--app/react-supabase-demo/src/main.jsx": {"path":"/Users/takasagoyuuya/Documents/React/study-log--app/react-supabase-demo/src/main.jsx","all":true,"statementMap":{"0":{"start":{"line":1,"column":0},"end":{"line":1,"column":34}},"1":{"start":{"line":2,"column":0},"end":{"line":2,"column":45}},"2":{"start":{"line":3,"column":0},"end":{"line":3,"column":27}},"4":{"start":{"line":5,"column":0},"end":{"line":5,"column":51}},"5":{"start":{"line":6,"column":0},"end":{"line":6,"column":14}},"6":{"start":{"line":7,"column":0},"end":{"line":7,"column":11}},"7":{"start":{"line":8,"column":0},"end":{"line":8,"column":16}},"8":{"start":{"line":9,"column":0},"end":{"line":9,"column":1}}},"s":{"0":0,"1":0,"2":0,"4":0,"5":0,"6":0,"7":0,"8":0},"branchMap":{"0":{"type":"branch","line":1,"loc":{"start":{"line":1,"column":207},"end":{"line":9,"column":1}},"locations":[{"start":{"line":1,"column":207},"end":{"line":9,"column":1}}]}},"b":{"0":[0]},"fnMap":{"0":{"name":"(empty-report)","decl":{"start":{"line":1,"column":207},"end":{"line":9,"column":1}},"loc":{"start":{"line":1,"column":207},"end":{"line":9,"column":1}},"line":1}},"f":{"0":0}}
}
